2018-09-24 12:29:15  INFO: Operating system name: Linux version: 4.4.0-134-generic architecture: amd64
2018-09-24 12:29:15  INFO: Java runtime name: OpenJDK 64-Bit Server VM vendor: Oracle Corporation version: 25.181-b13
2018-09-24 12:29:15  INFO: Memory limit heap: 876mb non-heap: 0mb
2018-09-24 12:29:15  INFO: Character encoding: UTF-8 charset: UTF-8
2018-09-24 12:29:15  INFO: Version: 4.0-SNAPSHOT
2018-09-24 12:29:20  INFO: Starting server...
2018-09-24 12:29:20  INFO: [c6886e33] connected
2018-09-24 12:29:20  INFO: [e517432a] connected
2018-09-24 12:29:20  INFO: [1c7b48a4] connected
2018-09-24 12:29:20  INFO: [9466478d] connected
2018-09-24 12:29:20  INFO: [19fdef67] connected
2018-09-24 12:29:20  INFO: [595c2a73] connected
2018-09-24 12:29:20  INFO: [09b5d31c] connected
2018-09-24 12:29:20  INFO: [b5ef4943] connected
2018-09-24 12:29:20  INFO: [638820f8] connected
2018-09-24 12:29:20  INFO: [7035faa5] connected
2018-09-24 12:29:20  INFO: [fc8f2211] connected
2018-09-24 12:29:20  INFO: [1b88bd2c] connected
2018-09-24 12:29:20  INFO: [b385e175] connected
2018-09-24 12:29:20  INFO: [c71b03b4] connected
2018-09-24 12:29:20  INFO: [d307f3df] connected
2018-09-24 12:29:20  INFO: [73390bda] connected
2018-09-24 12:29:20  INFO: [51d7808c] connected
2018-09-24 12:29:21  INFO: [eae2f960] connected
2018-09-24 12:29:21  INFO: [58a65eff] connected
2018-09-24 12:29:21  INFO: [ba8510b9] connected
2018-09-24 12:29:21  INFO: [ba406ef5] connected
2018-09-24 12:29:21  INFO: [1997e841] connected
2018-09-24 12:29:21  INFO: [81dfe5f3] connected
2018-09-24 12:29:21  INFO: [7a4fdecf] connected
2018-09-24 12:29:21  INFO: [ca085578] connected
2018-09-24 12:29:21  INFO: [1a59220d] connected
2018-09-24 12:29:21  INFO: [14a0c566] connected
2018-09-24 12:29:21  INFO: [7439c0ac] connected
2018-09-24 12:29:21  INFO: [fa90efa0] connected
2018-09-24 12:29:21  INFO: [cac0eed4] connected
2018-09-24 12:29:21  INFO: [4b66d159] connected
2018-09-24 12:29:21  INFO: [7ba95ff2] connected
2018-09-24 12:29:21  INFO: [707e7b7e] connected
2018-09-24 12:29:21  INFO: [e02ba3ee] connected
2018-09-24 12:30:21  INFO: Shutting down server...
2018-09-24 12:30:21  INFO: [c6886e33] disconnected
2018-09-24 12:30:21  INFO: [e517432a] disconnected
2018-09-24 12:30:21  INFO: [1c7b48a4] disconnected
2018-09-24 12:30:21  INFO: [9466478d] disconnected
2018-09-24 12:30:21  INFO: [19fdef67] disconnected
2018-09-24 12:30:21  INFO: [595c2a73] disconnected
2018-09-24 12:30:21  INFO: [09b5d31c] disconnected
2018-09-24 12:30:21  INFO: [b5ef4943] disconnected
2018-09-24 12:30:21  INFO: [fc8f2211] disconnected
2018-09-24 12:30:21  INFO: [7035faa5] disconnected
2018-09-24 12:30:21  INFO: [638820f8] disconnected
2018-09-24 12:30:21  INFO: [1b88bd2c] disconnected
2018-09-24 12:30:21  INFO: [b385e175] disconnected
2018-09-24 12:30:21  INFO: [c71b03b4] disconnected
2018-09-24 12:30:21  INFO: [d307f3df] disconnected
2018-09-24 12:30:21  INFO: [73390bda] disconnected
2018-09-24 12:30:21  INFO: [51d7808c] disconnected
2018-09-24 12:30:21  INFO: [eae2f960] disconnected
2018-09-24 12:30:21  INFO: [58a65eff] disconnected
2018-09-24 12:30:21  INFO: [ba8510b9] disconnected
2018-09-24 12:30:21  INFO: [ba406ef5] disconnected
2018-09-24 12:30:21  INFO: [1997e841] disconnected
2018-09-24 12:30:21  INFO: [81dfe5f3] disconnected
2018-09-24 12:30:21  INFO: [7a4fdecf] disconnected
2018-09-24 12:30:21  INFO: [ca085578] disconnected
2018-09-24 12:30:21  INFO: [1a59220d] disconnected
2018-09-24 12:30:21  INFO: [14a0c566] disconnected
2018-09-24 12:30:21  INFO: [7439c0ac] disconnected
2018-09-24 12:30:21  INFO: [fa90efa0] disconnected
2018-09-24 12:30:21  INFO: [cac0eed4] disconnected
2018-09-24 12:30:21  INFO: [4b66d159] disconnected
2018-09-24 12:30:21  INFO: [7ba95ff2] disconnected
2018-09-24 12:30:21  INFO: [707e7b7e] disconnected
2018-09-24 12:30:21  INFO: [e02ba3ee] disconnected
2018-09-24 12:33:51  INFO: Operating system name: Linux version: 4.4.0-134-generic architecture: amd64
2018-09-24 12:33:51  INFO: Java runtime name: OpenJDK 64-Bit Server VM vendor: Oracle Corporation version: 25.181-b13
2018-09-24 12:33:51  INFO: Memory limit heap: 876mb non-heap: 0mb
2018-09-24 12:33:51  INFO: Character encoding: UTF-8 charset: UTF-8
2018-09-24 12:33:51  INFO: Version: 4.0-SNAPSHOT
2018-09-24 12:33:54  INFO: Starting server...
2018-09-24 12:33:54  INFO: [51588c02] connected
2018-09-24 12:33:54  INFO: [aec97466] connected
2018-09-24 12:33:54  INFO: [0e0976e7] connected
2018-09-24 12:33:54  INFO: [98e556d6] connected
2018-09-24 12:33:54  INFO: [f825eb4d] connected
2018-09-24 12:33:54  INFO: [31b6bf55] connected
2018-09-24 12:33:54  INFO: [874ed309] connected
2018-09-24 12:33:54  INFO: [43d36520] connected
2018-09-24 12:33:54  INFO: [b3b46407] connected
2018-09-24 12:33:54  INFO: [47518312] connected
2018-09-24 12:33:54  INFO: [b64bf989] connected
2018-09-24 12:33:54  INFO: [be46478c] connected
2018-09-24 12:33:54  INFO: [ed992955] connected
2018-09-24 12:33:54  INFO: [4b34cd99] connected
2018-09-24 12:33:54  INFO: [fa2817b9] connected
2018-09-24 12:33:54  INFO: [f438a171] connected
2018-09-24 12:33:54  INFO: [431dc953] connected
2018-09-24 12:33:54  INFO: [ad94c99b] connected
2018-09-24 12:33:54  INFO: [1bc26c3c] connected
2018-09-24 12:33:54  INFO: [9ff58d5e] connected
2018-09-24 12:33:54  INFO: [edf5413a] connected
2018-09-24 12:33:54  INFO: [5bde0af4] connected
2018-09-24 12:33:54  INFO: [bfa17119] connected
2018-09-24 12:33:54  INFO: [1427b6a1] connected
2018-09-24 12:33:54  INFO: [3d867a11] connected
2018-09-24 12:33:54  INFO: [0905df0e] connected
2018-09-24 12:33:54  INFO: [d6c137fc] connected
2018-09-24 12:33:54  INFO: [d8fa9b21] connected
2018-09-24 12:33:54  INFO: [5f110869] connected
2018-09-24 12:33:54  INFO: [fa4f24e4] connected
2018-09-24 12:33:54  INFO: [46011141] connected
2018-09-24 12:33:54  INFO: [024e075b] connected
2018-09-24 12:33:54  INFO: [dfbc294d] connected
2018-09-24 12:33:54  INFO: [a9eecd1d] connected
2018-09-24 12:43:49  INFO: Shutting down server...
2018-09-24 12:43:49  INFO: [aec97466] disconnected
2018-09-24 12:43:49  INFO: [51588c02] disconnected
2018-09-24 12:43:49  INFO: [0e0976e7] disconnected
2018-09-24 12:43:49  INFO: [98e556d6] disconnected
2018-09-24 12:43:49  INFO: [f825eb4d] disconnected
2018-09-24 12:43:49  INFO: [31b6bf55] disconnected
2018-09-24 12:43:49  INFO: [874ed309] disconnected
2018-09-24 12:43:49  INFO: [43d36520] disconnected
2018-09-24 12:43:49  INFO: [b3b46407] disconnected
2018-09-24 12:43:49  INFO: [47518312] disconnected
2018-09-24 12:43:49  INFO: [b64bf989] disconnected
2018-09-24 12:43:49  INFO: [be46478c] disconnected
2018-09-24 12:43:49  INFO: [ed992955] disconnected
2018-09-24 12:43:49  INFO: [4b34cd99] disconnected
2018-09-24 12:43:49  INFO: [fa2817b9] disconnected
2018-09-24 12:43:49  INFO: [f438a171] disconnected
2018-09-24 12:43:49  INFO: [431dc953] disconnected
2018-09-24 12:43:49  INFO: [ad94c99b] disconnected
2018-09-24 12:43:49  INFO: [1bc26c3c] disconnected
2018-09-24 12:43:49  INFO: [9ff58d5e] disconnected
2018-09-24 12:43:49  INFO: [edf5413a] disconnected
2018-09-24 12:43:49  INFO: [5bde0af4] disconnected
2018-09-24 12:43:49  INFO: [bfa17119] disconnected
2018-09-24 12:43:49  INFO: [1427b6a1] disconnected
2018-09-24 12:43:49  INFO: [3d867a11] disconnected
2018-09-24 12:43:49  INFO: [0905df0e] disconnected
2018-09-24 12:43:49  INFO: [d6c137fc] disconnected
2018-09-24 12:43:49  INFO: [d8fa9b21] disconnected
2018-09-24 12:43:49  INFO: [5f110869] disconnected
2018-09-24 12:43:49  INFO: [fa4f24e4] disconnected
2018-09-24 12:43:49  INFO: [46011141] disconnected
2018-09-24 12:43:49  INFO: [024e075b] disconnected
2018-09-24 12:43:49  INFO: [dfbc294d] disconnected
2018-09-24 12:43:49  INFO: [a9eecd1d] disconnected
2018-09-24 12:44:24  INFO: Operating system name: Linux version: 4.4.0-134-generic architecture: amd64
2018-09-24 12:44:24  INFO: Java runtime name: OpenJDK 64-Bit Server VM vendor: Oracle Corporation version: 25.181-b13
2018-09-24 12:44:24  INFO: Memory limit heap: 876mb non-heap: 0mb
2018-09-24 12:44:24  INFO: Character encoding: UTF-8 charset: UTF-8
2018-09-24 12:44:24  INFO: Version: 4.0-SNAPSHOT
2018-09-24 12:44:28  INFO: Starting server...
2018-09-24 12:44:28  INFO: [58ff22a4] connected
2018-09-24 12:44:28  INFO: [bda03e65] connected
2018-09-24 12:44:28  INFO: [e762b097] connected
2018-09-24 12:44:28  INFO: [6d28d293] connected
2018-09-24 12:44:28  INFO: [8a3d24ec] connected
2018-09-24 12:44:28  INFO: [dbfe9170] connected
2018-09-24 12:44:28  INFO: [07a6a63a] connected
2018-09-24 12:44:28  INFO: [beb1af69] connected
2018-09-24 12:44:28  INFO: [fb272964] connected
2018-09-24 12:44:28  INFO: [3c4688c4] connected
2018-09-24 12:44:28  INFO: [2e4f4a44] connected
2018-09-24 12:44:28  INFO: [1de22246] connected
2018-09-24 12:44:28  INFO: [b1c538ae] connected
2018-09-24 12:44:28  INFO: [bfa016c4] connected
2018-09-24 12:44:28  INFO: [d32bb179] connected
2018-09-24 12:44:28  INFO: [068a7904] connected
2018-09-24 12:44:28  INFO: [c90c6b85] connected
2018-09-24 12:44:28  INFO: [81cef07b] connected
2018-09-24 12:44:28  INFO: [6b0d4192] connected
2018-09-24 12:44:28  INFO: [95ba4aab] connected
2018-09-24 12:44:28  INFO: [35d92d48] connected
2018-09-24 12:44:28  INFO: [4dc8c153] connected
2018-09-24 12:44:28  INFO: [09a94817] connected
2018-09-24 12:44:28  INFO: [722a8f5b] connected
2018-09-24 12:44:28  INFO: [744af86e] connected
2018-09-24 12:44:28  INFO: [50d27b8a] connected
2018-09-24 12:44:28  INFO: [3efec8b8] connected
2018-09-24 12:44:28  INFO: [86417ae2] connected
2018-09-24 12:44:28  INFO: [9e97bdce] connected
2018-09-24 12:44:28  INFO: [df0cb8c0] connected
2018-09-24 12:44:28  INFO: [deb554d2] connected
2018-09-24 12:44:28  INFO: [37d519a2] connected
2018-09-24 12:44:28  INFO: [ab1bcfc5] connected
2018-09-24 12:44:28  INFO: [7819d639] connected
2018-09-24 12:54:25  INFO: user: 1, action: login
2018-09-24 12:55:34  INFO: user: 1, action: login
2018-09-24 12:58:49  INFO: user: 1, action: create, object: group, id: 1
2018-09-24 12:58:49  INFO: user: 1, action: link, owner: user, id: 1, property: group, id: 1
2018-09-24 13:00:51  INFO: user: 1, action: create, object: user, id: 2
2018-09-24 13:01:35  WARN: No SMTP configuration found
2018-09-24 13:02:02  INFO: user: 1, action: logout
2018-09-24 13:02:19  INFO: user: 2, action: login
2018-09-24 13:02:39  INFO: user: 1, action: link, owner: user, id: 2, property: group, id: 1
2018-09-24 13:06:22  INFO: user: 1, action: edit, object: server, id: 1
2018-09-24 13:06:26  INFO: user: 2, action: logout
2018-09-24 13:10:33  WARN: No SMTP configuration found
2018-09-24 13:13:42  INFO: [fd68eca2] connected
2018-09-24 13:13:42 DEBUG: [fd68eca2: 5055 < 127.0.0.1] HEX: 504f5354202f3f69643d3239343939322674696d657374616d703d31353337373934383139266c61743d31382e343430383537266c6f6e3d2d36392e3937353539332673706565643d302662656172696e673d3026616c7469747564653d35382e343536373239383838393136303226626174743d373920485454502f312e310d0a4163636570743a202a2f2a0d0a557365722d4167656e743a2054726163636172436c69656e742f35302043464e6574776f726b2f3937342e322e312044617277696e2f31382e302e300d0a4163636570742d4c616e67756167653a20656e2d75730d0a4163636570742d456e636f64696e673a20677a69702c206465666c6174650d0a5669613a20687474702f312e31206c6f63616c686f73740d0a582d466f727761726465642d466f723a203138362e362e3133392e39320d0a582d466f727761726465642d50726f746f3a20687474700d0a582d466f727761726465642d486f73743a2037342e3230382e3231342e32373a383038320d0a582d466f727761726465642d5365727665723a2037342e3230382e3231342e32370d0a486f73743a206c6f63616c686f73743a353035350d0a436f6e74656e742d4c656e6774683a20300d0a0d0a
2018-09-24 13:13:42  WARN: Unknown device - 294992 (127.0.0.1)
2018-09-24 13:13:42 DEBUG: [fd68eca2: 5055 > 127.0.0.1] HEX: 485454502f312e31203430302042616420526571756573740d0a636f6e74656e742d6c656e6774683a20300d0a0d0a
2018-09-24 13:14:12  INFO: [fd68eca2] disconnected
2018-09-24 13:14:52  INFO: user: 1, action: create, object: device, id: 1
2018-09-24 13:14:52  INFO: user: 1, action: link, owner: user, id: 1, property: device, id: 1
2018-09-24 13:15:25  INFO: [a3d90aff] connected
2018-09-24 13:15:25 DEBUG: [a3d90aff: 5055 < 127.0.0.1] HEX: 504f5354202f3f69643d3239343939322674696d657374616d703d31353337373934393232266c61743d31382e343430393030266c6f6e3d2d36392e3937353538352673706565643d302662656172696e673d3026616c7469747564653d35382e393736353936383332323735333926626174743d373920485454502f312e310d0a4163636570743a202a2f2a0d0a557365722d4167656e743a2054726163636172436c69656e742f35302043464e6574776f726b2f3937342e322e312044617277696e2f31382e302e300d0a4163636570742d4c616e67756167653a20656e2d75730d0a4163636570742d456e636f64696e673a20677a69702c206465666c6174650d0a5669613a20687474702f312e31206c6f63616c686f73740d0a582d466f727761726465642d466f723a203138362e362e3133392e39320d0a582d466f727761726465642d50726f746f3a20687474700d0a582d466f727761726465642d486f73743a2037342e3230382e3231342e32373a383038320d0a582d466f727761726465642d5365727665723a2037342e3230382e3231342e32370d0a486f73743a206c6f63616c686f73743a353035350d0a436f6e74656e742d4c656e6774683a20300d0a0d0a
2018-09-24 13:15:25 DEBUG: [a3d90aff: 5055 > 127.0.0.1] HEX: 485454502f312e3120323030204f4b0d0a636f6e74656e742d6c656e6774683a20300d0a0d0a
2018-09-24 13:15:25  INFO: [a3d90aff] id: 294992, time: 2018-09-24 13:15:22, lat: 18.44090, lon: -69.97559, course: 0.0
2018-09-24 13:15:55  INFO: [a3d90aff] disconnected
2018-09-24 13:20:28  INFO: [73cfd03d] connected
2018-09-24 13:20:28 DEBUG: [73cfd03d: 5055 < 127.0.0.1] HEX: 504f5354202f3f69643d3239343939322674696d657374616d703d31353337373935323237266c61743d31382e343430363338266c6f6e3d2d36392e3937353538382673706565643d302662656172696e673d3026616c7469747564653d35362e323539313933343230343130313626626174743d373920485454502f312e310d0a4163636570743a202a2f2a0d0a557365722d4167656e743a2054726163636172436c69656e742f35302043464e6574776f726b2f3937342e322e312044617277696e2f31382e302e300d0a4163636570742d4c616e67756167653a20656e2d75730d0a4163636570742d456e636f64696e673a20677a69702c206465666c6174650d0a5669613a20687474702f312e31206c6f63616c686f73740d0a582d466f727761726465642d466f723a203138362e362e3133392e39320d0a582d466f727761726465642d50726f746f3a20687474700d0a582d466f727761726465642d486f73743a2037342e3230382e3231342e32373a383038320d0a582d466f727761726465642d5365727665723a2037342e3230382e3231342e32370d0a486f73743a206c6f63616c686f73743a353035350d0a436f6e74656e742d4c656e6774683a20300d0a0d0a
2018-09-24 13:20:28 DEBUG: [73cfd03d: 5055 > 127.0.0.1] HEX: 485454502f312e3120323030204f4b0d0a636f6e74656e742d6c656e6774683a20300d0a0d0a
2018-09-24 13:20:28  INFO: [73cfd03d] id: 294992, time: 2018-09-24 13:20:27, lat: 18.44064, lon: -69.97559, course: 0.0
2018-09-24 13:20:58  INFO: [73cfd03d] disconnected
2018-09-24 13:21:24  INFO: user: 1, action: edit, object: server, id: 1
2018-09-24 13:25:33  INFO: [24e5c78e] connected
2018-09-24 13:25:33 DEBUG: [24e5c78e: 5055 < 127.0.0.1] HEX: 504f5354202f3f69643d3239343939322674696d657374616d703d31353337373935353333266c61743d31382e343430363330266c6f6e3d2d36392e3937353538372673706565643d302662656172696e673d3026616c7469747564653d35352e353636333138353131393632383926626174743d373920485454502f312e310d0a4163636570743a202a2f2a0d0a557365722d4167656e743a2054726163636172436c69656e742f35302043464e6574776f726b2f3937342e322e312044617277696e2f31382e302e300d0a4163636570742d4c616e67756167653a20656e2d75730d0a4163636570742d456e636f64696e673a20677a69702c206465666c6174650d0a5669613a20687474702f312e31206c6f63616c686f73740d0a582d466f727761726465642d466f723a203138362e362e3133392e39320d0a582d466f727761726465642d50726f746f3a20687474700d0a582d466f727761726465642d486f73743a2037342e3230382e3231342e32373a383038320d0a582d466f727761726465642d5365727665723a2037342e3230382e3231342e32370d0a486f73743a206c6f63616c686f73743a353035350d0a436f6e74656e742d4c656e6774683a20300d0a0d0a
2018-09-24 13:25:33 DEBUG: [24e5c78e: 5055 > 127.0.0.1] HEX: 485454502f312e3120323030204f4b0d0a636f6e74656e742d6c656e6774683a20300d0a0d0a
2018-09-24 13:25:33  INFO: [24e5c78e] id: 294992, time: 2018-09-24 13:25:33, lat: 18.44063, lon: -69.97559, course: 0.0
2018-09-24 13:26:03  INFO: [24e5c78e] disconnected
2018-09-24 13:30:38  INFO: [48d300bc] connected
2018-09-24 13:30:38 DEBUG: [48d300bc: 5055 < 127.0.0.1] HEX: 504f5354202f3f69643d3239343939322674696d657374616d703d31353337373935383338266c61743d31382e343430363238266c6f6e3d2d36392e3937353539362673706565643d302662656172696e673d3026616c7469747564653d35352e343939363630343931393433333626626174743d373920485454502f312e310d0a4163636570743a202a2f2a0d0a557365722d4167656e743a2054726163636172436c69656e742f35302043464e6574776f726b2f3937342e322e312044617277696e2f31382e302e300d0a4163636570742d4c616e67756167653a20656e2d75730d0a4163636570742d456e636f64696e673a20677a69702c206465666c6174650d0a5669613a20687474702f312e31206c6f63616c686f73740d0a582d466f727761726465642d466f723a203138362e362e3133392e39320d0a582d466f727761726465642d50726f746f3a20687474700d0a582d466f727761726465642d486f73743a2037342e3230382e3231342e32373a383038320d0a582d466f727761726465642d5365727665723a2037342e3230382e3231342e32370d0a486f73743a206c6f63616c686f73743a353035350d0a436f6e74656e742d4c656e6774683a20300d0a0d0a
2018-09-24 13:30:38 DEBUG: [48d300bc: 5055 > 127.0.0.1] HEX: 485454502f312e3120323030204f4b0d0a636f6e74656e742d6c656e6774683a20300d0a0d0a
2018-09-24 13:30:38  INFO: [48d300bc] id: 294992, time: 2018-09-24 13:30:38, lat: 18.44063, lon: -69.97560, course: 0.0
2018-09-24 13:31:08  INFO: [48d300bc] disconnected
2018-09-24 13:35:43  INFO: [5418ecba] connected
2018-09-24 13:35:43 DEBUG: [5418ecba: 5055 < 127.0.0.1] HEX: 504f5354202f3f69643d3239343939322674696d657374616d703d31353337373936313433266c61743d31382e343430363237266c6f6e3d2d36392e3937353539382673706565643d302662656172696e673d3026616c7469747564653d35352e333537383130393734313231303926626174743d373920485454502f312e310d0a4163636570743a202a2f2a0d0a557365722d4167656e743a2054726163636172436c69656e742f35302043464e6574776f726b2f3937342e322e312044617277696e2f31382e302e300d0a4163636570742d4c616e67756167653a20656e2d75730d0a4163636570742d456e636f64696e673a20677a69702c206465666c6174650d0a5669613a20687474702f312e31206c6f63616c686f73740d0a582d466f727761726465642d466f723a203138362e362e3133392e39320d0a582d466f727761726465642d50726f746f3a20687474700d0a582d466f727761726465642d486f73743a2037342e3230382e3231342e32373a383038320d0a582d466f727761726465642d5365727665723a2037342e3230382e3231342e32370d0a486f73743a206c6f63616c686f73743a353035350d0a436f6e74656e742d4c656e6774683a20300d0a0d0a
2018-09-24 13:35:43 DEBUG: [5418ecba: 5055 > 127.0.0.1] HEX: 485454502f312e3120323030204f4b0d0a636f6e74656e742d6c656e6774683a20300d0a0d0a
2018-09-24 13:35:43  INFO: [5418ecba] id: 294992, time: 2018-09-24 13:35:43, lat: 18.44063, lon: -69.97560, course: 0.0
2018-09-24 13:36:13  INFO: [5418ecba] disconnected
